<?xml version="1.0" encoding="UTF-8"?>
<!-- Generated by org.testng.reporters.JUnitReportReporter -->
<testsuite hostname="Santosh-Nagargoje" failures="0" tests="3" name="TestNgProgram.DependsOnMethods" time="5.639" errors="0" timestamp="2023-01-02T19:12:50 IST" skipped="0">
  <testcase classname="TestNgProgram.DependsOnMethods" name="DailyStandupCall" time="0.006"/>
  <system-out/>
  <testcase classname="TestNgProgram.DependsOnMethods" name="AttendanceOfEmployee" time="0.001"/>
  <system-out/>
  <testcase classname="TestNgProgram.DependsOnMethods" name="EmployeeLogin" time="5.632"/>
  <system-out/>
</testsuite> <!-- TestNgProgram.DependsOnMethods -->
