<?xml version="1.0" encoding="UTF-8"?>
<!-- Generated by org.testng.reporters.JUnitReportReporter -->
<testsuite hostname="Santosh-Nagargoje" failures="0" tests="2" name="TestNgProgram.EnableDisable1" time="0.008" errors="0" timestamp="2022-12-28T11:25:37 IST" skipped="1">
  <testcase classname="TestNgProgram.EnableDisable1" name="TestCase1" time="0.008"/>
  <system-out/>
  <testcase classname="TestNgProgram.EnableDisable1" name="TestCase2">
    <skipped/>
  </testcase> <!-- TestCase2 -->
  <system-out/>
</testsuite> <!-- TestNgProgram.EnableDisable1 -->
