<?xml version="1.0" encoding="UTF-8"?>
<!-- Generated by org.testng.reporters.JUnitReportReporter -->
<testsuite hostname="Santosh-Nagargoje" failures="0" tests="1" name="Codingassign.Assignment1" time="4.289" errors="0" timestamp="2023-02-19T14:35:15 IST" skipped="0">
  <testcase classname="Codingassign.Assignment1" name="test" time="4.289"/>
  <system-out/>
</testsuite> <!-- Codingassign.Assignment1 -->
