<?xml version="1.0" encoding="UTF-8"?>
<!-- Generated by org.testng.reporters.JUnitReportReporter -->
<testsuite hostname="Santosh-Nagargoje" failures="0" tests="1" name="TestNgProgram.SecondTestNgpro" time="0.006" errors="0" timestamp="2022-12-22T15:47:02 IST" skipped="0">
  <testcase classname="TestNgProgram.SecondTestNgpro" name="f" time="0.006"/>
  <system-out/>
</testsuite> <!-- TestNgProgram.SecondTestNgpro -->
