<?xml version="1.0" encoding="UTF-8"?>
<!-- Generated by org.testng.reporters.JUnitReportReporter -->
<testsuite hostname="Santosh-Nagargoje" failures="0" tests="4" name="TestNgProgram.Priority" time="3.647" errors="0" timestamp="2022-12-26T09:28:57 IST" skipped="0">
  <testcase classname="TestNgProgram.Priority" name="B" time="3.641"/>
  <system-out/>
  <testcase classname="TestNgProgram.Priority" name="D" time="0.003"/>
  <system-out/>
  <testcase classname="TestNgProgram.Priority" name="A" time="0.001"/>
  <system-out/>
  <testcase classname="TestNgProgram.Priority" name="C" time="0.002"/>
  <system-out/>
</testsuite> <!-- TestNgProgram.Priority -->
