<?xml version="1.0" encoding="UTF-8"?>
<!-- Generated by org.testng.reporters.JUnitReportReporter -->
<testsuite hostname="Santosh-Nagargoje" failures="0" tests="1" name="Codingassign.Assignment" time="8.151" errors="0" timestamp="2023-02-19T14:35:02 IST" skipped="0">
  <testcase classname="Codingassign.Assignment" name="test" time="8.151"/>
  <system-out/>
</testsuite> <!-- Codingassign.Assignment -->
