<?xml version="1.0" encoding="UTF-8"?>
<!-- Generated by org.testng.reporters.JUnitReportReporter -->
<testsuite hostname="Santosh-Nagargoje" failures="0" tests="4" name="Practice.DependsOnMethods" time="0.008" errors="0" timestamp="2023-01-02T19:16:26 IST" skipped="0">
  <testcase classname="Practice.DependsOnMethods" name="Test3" time="0.001"/>
  <system-out/>
  <testcase classname="Practice.DependsOnMethods" name="Test2" time="0.006"/>
  <system-out/>
  <testcase classname="Practice.DependsOnMethods" name="Test4" time="0.001"/>
  <system-out/>
  <testcase classname="Practice.DependsOnMethods" name="Test1" time="0.000"/>
  <system-out/>
</testsuite> <!-- Practice.DependsOnMethods -->
