<?xml version="1.0" encoding="UTF-8"?>
<!-- Generated by org.testng.reporters.JUnitReportReporter -->
<testsuite hostname="Santosh-Nagargoje" failures="0" tests="2" name="TestNgProgram.Annotation1" time="0.017" errors="0" timestamp="2022-12-26T08:05:03 IST" skipped="0">
  <testcase classname="TestNgProgram.Annotation1" name="TestCase2" time="0.007"/>
  <system-out/>
  <testcase classname="TestNgProgram.Annotation1" name="TestCase1" time="0.010"/>
  <system-out/>
</testsuite> <!-- TestNgProgram.Annotation1 -->
