<?xml version="1.0" encoding="UTF-8"?>
<!-- Generated by org.testng.reporters.JUnitReportReporter -->
<testsuite hostname="Santosh-Nagargoje" failures="0" tests="4" name="TestNgProgram.Groups" time="0.016" errors="0" timestamp="2023-02-19T10:16:21 IST" skipped="0">
  <testcase classname="TestNgProgram.Groups" name="technip" time="0.002"/>
  <system-out/>
  <testcase classname="TestNgProgram.Groups" name="infosys" time="0.007"/>
  <system-out/>
  <testcase classname="TestNgProgram.Groups" name="wipro" time="0.004"/>
  <system-out/>
  <testcase classname="TestNgProgram.Groups" name="techm" time="0.003"/>
  <system-out/>
</testsuite> <!-- TestNgProgram.Groups -->
