<?xml version="1.0" encoding="UTF-8"?>
<!-- Generated by org.testng.reporters.JUnitReportReporter -->
<testsuite hostname="Santosh-Nagargoje" failures="0" tests="5" name="Practice.InvocationCountTest" time="0.019" errors="0" timestamp="2022-12-28T10:09:42 IST" skipped="0">
  <testcase classname="Practice.InvocationCountTest" name="sum" time="0.001"/>
  <system-out/>
  <testcase classname="Practice.InvocationCountTest" name="sum" time="0.004"/>
  <system-out/>
  <testcase classname="Practice.InvocationCountTest" name="sum" time="0.002"/>
  <system-out/>
  <testcase classname="Practice.InvocationCountTest" name="sum" time="0.005"/>
  <system-out/>
  <testcase classname="Practice.InvocationCountTest" name="sum" time="0.007"/>
  <system-out/>
</testsuite> <!-- Practice.InvocationCountTest -->
