<?xml version="1.0" encoding="UTF-8"?>
<!-- Generated by org.testng.reporters.JUnitReportReporter -->
<testsuite hostname="Santosh-Nagargoje" failures="0" tests="1" name="TestNgProgram.ParameterSub" time="0.001" errors="0" timestamp="2023-01-08T11:09:34 IST" skipped="0">
  <testcase classname="TestNgProgram.ParameterSub" name="subtraction" time="0.001"/>
  <system-out/>
</testsuite> <!-- TestNgProgram.ParameterSub -->
