<?xml version="1.0" encoding="UTF-8"?>
<!-- Generated by org.testng.reporters.JUnitReportReporter -->
<testsuite hostname="Santosh-Nagargoje" failures="0" tests="1" name="Practice.AssertNotEquals" time="5.625" errors="0" timestamp="2022-12-28T11:51:57 IST" skipped="0">
  <testcase classname="Practice.AssertNotEquals" name="Verifyhomepage" time="5.625"/>
  <system-out/>
</testsuite> <!-- Practice.AssertNotEquals -->
