<?xml version="1.0" encoding="UTF-8"?>
<!-- Generated by org.testng.reporters.JUnitReportReporter -->
<testsuite hostname="Santosh-Nagargoje" failures="0" tests="2" name="TestNgProgram.Timeout" time="0.012" errors="0" timestamp="2022-12-30T08:27:43 IST" skipped="0">
  <testcase classname="TestNgProgram.Timeout" name="test1" time="0.010"/>
  <system-out/>
  <testcase classname="TestNgProgram.Timeout" name="test2" time="0.002"/>
  <system-out/>
</testsuite> <!-- TestNgProgram.Timeout -->
