<?xml version="1.0" encoding="UTF-8"?>
<!-- Generated by org.testng.reporters.JUnitReportReporter -->
<testsuite hostname="Santosh-Nagargoje" failures="0" tests="1" name="Practice.ParameterTest" time="2.762" errors="0" timestamp="2023-01-03T15:42:24 IST" skipped="0">
  <testcase classname="Practice.ParameterTest" name="facebookloginTest" time="2.762"/>
  <system-out/>
</testsuite> <!-- Practice.ParameterTest -->
