<?xml version="1.0" encoding="UTF-8"?>
<!-- Generated by org.testng.reporters.JUnitReportReporter -->
<testsuite hostname="Santosh-Nagargoje" failures="0" tests="1" name="TestNgProgram.ParametersMulti" time="0.001" errors="0" timestamp="2023-01-03T09:16:45 IST" skipped="0">
  <testcase classname="TestNgProgram.ParametersMulti" name="multiplication" time="0.001"/>
  <system-out/>
</testsuite> <!-- TestNgProgram.ParametersMulti -->
