<?xml version="1.0" encoding="UTF-8"?>
<!-- Generated by org.testng.reporters.JUnitReportReporter -->
<testsuite hostname="Santosh-Nagargoje" failures="0" tests="1" name="TestNgProgram.Assert1" time="0.011" errors="0" timestamp="2023-01-02T18:26:12 IST" skipped="0">
  <testcase classname="TestNgProgram.Assert1" name="verifyhomepage" time="0.011"/>
  <system-out/>
</testsuite> <!-- TestNgProgram.Assert1 -->
