<?xml version="1.0" encoding="UTF-8"?>
<!-- Generated by org.testng.reporters.JUnitReportReporter -->
<testsuite hostname="Santosh-Nagargoje" failures="0" tests="1" name="TestNgProgram.Assert2" time="22.545" errors="0" timestamp="2022-12-28T11:49:17 IST" skipped="0">
  <testcase classname="TestNgProgram.Assert2" name="Verifyhomepage" time="22.545"/>
  <system-out/>
</testsuite> <!-- TestNgProgram.Assert2 -->
