<?xml version="1.0" encoding="UTF-8"?>
<!-- Generated by org.testng.reporters.JUnitReportReporter -->
<testsuite hostname="Santosh-Nagargoje" failures="0" tests="7" name="TestNgProgram.GoogleTest" time="47.670" errors="0" timestamp="2022-12-26T17:50:29 IST" skipped="0">
  <testcase classname="TestNgProgram.GoogleTest" name="mailLinkTest" time="7.973"/>
  <system-out/>
  <testcase classname="TestNgProgram.GoogleTest" name="GoogleTitleTest" time="6.153"/>
  <system-out/>
  <testcase classname="TestNgProgram.GoogleTest" name="search" time="9.098"/>
  <system-out/>
  <testcase classname="TestNgProgram.GoogleTest" name="GoogleLogoTest" time="6.464"/>
  <system-out/>
  <testcase classname="TestNgProgram.GoogleTest" name="test3" time="5.932"/>
  <system-out/>
  <testcase classname="TestNgProgram.GoogleTest" name="test2" time="5.313"/>
  <system-out/>
  <testcase classname="TestNgProgram.GoogleTest" name="test1" time="6.737"/>
  <system-out/>
</testsuite> <!-- TestNgProgram.GoogleTest -->
