<?xml version="1.0" encoding="UTF-8"?>
<!-- Generated by org.testng.reporters.JUnitReportReporter -->
<testsuite hostname="Santosh-Nagargoje" failures="0" tests="1" name="TestNgProgram.Assert" time="9.192" errors="0" timestamp="2022-12-27T08:34:24 IST" skipped="0">
  <testcase classname="TestNgProgram.Assert" name="verifyhomepage" time="9.192"/>
  <system-out/>
</testsuite> <!-- TestNgProgram.Assert -->
