<?xml version="1.0" encoding="UTF-8"?>
<!-- Generated by org.testng.reporters.JUnitReportReporter -->
<testsuite hostname="Santosh-Nagargoje" failures="0" tests="4" name="TestNgProgram.TestNgFeatures" time="0.010" errors="0" timestamp="2022-12-27T00:53:10 IST" skipped="0">
  <testcase classname="TestNgProgram.TestNgFeatures" name="LoginTest" time="0.007"/>
  <system-out/>
  <testcase classname="TestNgProgram.TestNgFeatures" name="HomePageTest" time="0.002"/>
  <system-out/>
  <testcase classname="TestNgProgram.TestNgFeatures" name="SearchPageTest" time="0.001"/>
  <system-out/>
  <testcase classname="TestNgProgram.TestNgFeatures" name="RegPageTest" time="0.000"/>
  <system-out/>
</testsuite> <!-- TestNgProgram.TestNgFeatures -->
