<?xml version="1.0" encoding="UTF-8"?>
<!-- Generated by org.testng.reporters.JUnitReportReporter -->
<testsuite hostname="Santosh-Nagargoje" failures="0" tests="1" name="TestNgProgram.FirstTestNGProgram" time="0.011" errors="0" timestamp="2022-12-22T16:38:07 IST" skipped="0">
  <testcase classname="TestNgProgram.FirstTestNGProgram" name="f" time="0.011"/>
  <system-out/>
</testsuite> <!-- TestNgProgram.FirstTestNGProgram -->
