<?xml version="1.0" encoding="UTF-8"?>
<!-- Generated by org.testng.reporters.JUnitReportReporter -->
<testsuite hostname="Santosh-Nagargoje" failures="0" tests="1" name="TestNgProgram.Annotation" time="0.006" errors="0" timestamp="2023-02-19T13:52:31 IST" skipped="0">
  <testcase classname="TestNgProgram.Annotation" name="f" time="0.006"/>
  <system-out/>
</testsuite> <!-- TestNgProgram.Annotation -->
